Analysis & Synthesis report for barrel_shifter
Sun Oct 21 23:30:10 2018
Quartus II 64-Bit Version 13.0.1 Build 232 06/12/2013 Service Pack 1 SJ Web Edition


---------------------
; Table of Contents ;
---------------------
  1. Legal Notice
  2. Analysis & Synthesis Summary
  3. Analysis & Synthesis Settings
  4. Parallel Compilation
  5. Analysis & Synthesis Source Files Read
  6. Analysis & Synthesis Resource Usage Summary
  7. Analysis & Synthesis Resource Utilization by Entity
  8. User-Specified and Inferred Latches
  9. General Register Statistics
 10. Multiplexer Restructuring Statistics (Restructuring Performed)
 11. Parameter Settings for User Entity Instance: barrel_shifter:shifter_obj
 12. Elapsed Time Per Partition
 13. Analysis & Synthesis Messages



----------------
; Legal Notice ;
----------------
Copyright (C) 1991-2013 Altera Corporation
Your use of Altera Corporation's design tools, logic functions 
and other software and tools, and its AMPP partner logic 
functions, and any output files from any of the foregoing 
(including device programming or simulation files), and any 
associated documentation or information are expressly subject 
to the terms and conditions of the Altera Program License 
Subscription Agreement, Altera MegaCore Function License 
Agreement, or other applicable license agreement, including, 
without limitation, that your use is for the sole purpose of 
programming logic devices manufactured by Altera and sold by 
Altera or its authorized distributors.  Please refer to the 
applicable agreement for further details.



+--------------------------------------------------------------------------------------+
; Analysis & Synthesis Summary                                                         ;
+------------------------------------+-------------------------------------------------+
; Analysis & Synthesis Status        ; Successful - Sun Oct 21 23:30:10 2018           ;
; Quartus II 64-Bit Version          ; 13.0.1 Build 232 06/12/2013 SP 1 SJ Web Edition ;
; Revision Name                      ; barrel_shifter                                  ;
; Top-level Entity Name              ; alu_mips                                        ;
; Family                             ; Cyclone II                                      ;
; Total logic elements               ; 2,873                                           ;
;     Total combinational functions  ; 2,873                                           ;
;     Dedicated logic registers      ; 0                                               ;
; Total registers                    ; 0                                               ;
; Total pins                         ; 102                                             ;
; Total virtual pins                 ; 0                                               ;
; Total memory bits                  ; 0                                               ;
; Embedded Multiplier 9-bit elements ; 0                                               ;
; Total PLLs                         ; 0                                               ;
+------------------------------------+-------------------------------------------------+


+----------------------------------------------------------------------------------------------------------------------+
; Analysis & Synthesis Settings                                                                                        ;
+----------------------------------------------------------------------------+--------------------+--------------------+
; Option                                                                     ; Setting            ; Default Value      ;
+----------------------------------------------------------------------------+--------------------+--------------------+
; Device                                                                     ; EP2C35F672C6       ;                    ;
; Top-level entity name                                                      ; alu_mips           ; barrel_shifter     ;
; Family name                                                                ; Cyclone II         ; Cyclone IV GX      ;
; Use smart compilation                                                      ; Off                ; Off                ;
; Enable parallel Assembler and TimeQuest Timing Analyzer during compilation ; On                 ; On                 ;
; Enable compact report table                                                ; Off                ; Off                ;
; Restructure Multiplexers                                                   ; Auto               ; Auto               ;
; Create Debugging Nodes for IP Cores                                        ; Off                ; Off                ;
; Preserve fewer node names                                                  ; On                 ; On                 ;
; Disable OpenCore Plus hardware evaluation                                  ; Off                ; Off                ;
; Verilog Version                                                            ; Verilog_2001       ; Verilog_2001       ;
; VHDL Version                                                               ; VHDL_1993          ; VHDL_1993          ;
; State Machine Processing                                                   ; Auto               ; Auto               ;
; Safe State Machine                                                         ; Off                ; Off                ;
; Extract Verilog State Machines                                             ; On                 ; On                 ;
; Extract VHDL State Machines                                                ; On                 ; On                 ;
; Ignore Verilog initial constructs                                          ; Off                ; Off                ;
; Iteration limit for constant Verilog loops                                 ; 5000               ; 5000               ;
; Iteration limit for non-constant Verilog loops                             ; 250                ; 250                ;
; Add Pass-Through Logic to Inferred RAMs                                    ; On                 ; On                 ;
; Infer RAMs from Raw Logic                                                  ; On                 ; On                 ;
; Parallel Synthesis                                                         ; On                 ; On                 ;
; DSP Block Balancing                                                        ; Auto               ; Auto               ;
; NOT Gate Push-Back                                                         ; On                 ; On                 ;
; Power-Up Don't Care                                                        ; On                 ; On                 ;
; Remove Redundant Logic Cells                                               ; Off                ; Off                ;
; Remove Duplicate Registers                                                 ; On                 ; On                 ;
; Ignore CARRY Buffers                                                       ; Off                ; Off                ;
; Ignore CASCADE Buffers                                                     ; Off                ; Off                ;
; Ignore GLOBAL Buffers                                                      ; Off                ; Off                ;
; Ignore ROW GLOBAL Buffers                                                  ; Off                ; Off                ;
; Ignore LCELL Buffers                                                       ; Off                ; Off                ;
; Ignore SOFT Buffers                                                        ; On                 ; On                 ;
; Limit AHDL Integers to 32 Bits                                             ; Off                ; Off                ;
; Optimization Technique                                                     ; Balanced           ; Balanced           ;
; Carry Chain Length                                                         ; 70                 ; 70                 ;
; Auto Carry Chains                                                          ; On                 ; On                 ;
; Auto Open-Drain Pins                                                       ; On                 ; On                 ;
; Perform WYSIWYG Primitive Resynthesis                                      ; Off                ; Off                ;
; Auto ROM Replacement                                                       ; On                 ; On                 ;
; Auto RAM Replacement                                                       ; On                 ; On                 ;
; Auto Shift Register Replacement                                            ; Auto               ; Auto               ;
; Allow Shift Register Merging across Hierarchies                            ; Auto               ; Auto               ;
; Auto Clock Enable Replacement                                              ; On                 ; On                 ;
; Strict RAM Replacement                                                     ; Off                ; Off                ;
; Allow Synchronous Control Signals                                          ; On                 ; On                 ;
; Force Use of Synchronous Clear Signals                                     ; Off                ; Off                ;
; Auto RAM to Logic Cell Conversion                                          ; Off                ; Off                ;
; Auto Resource Sharing                                                      ; Off                ; Off                ;
; Allow Any RAM Size For Recognition                                         ; Off                ; Off                ;
; Allow Any ROM Size For Recognition                                         ; Off                ; Off                ;
; Allow Any Shift Register Size For Recognition                              ; Off                ; Off                ;
; Use LogicLock Constraints during Resource Balancing                        ; On                 ; On                 ;
; Ignore translate_off and synthesis_off directives                          ; Off                ; Off                ;
; Timing-Driven Synthesis                                                    ; Off                ; Off                ;
; Report Parameter Settings                                                  ; On                 ; On                 ;
; Report Source Assignments                                                  ; On                 ; On                 ;
; Report Connectivity Checks                                                 ; On                 ; On                 ;
; Ignore Maximum Fan-Out Assignments                                         ; Off                ; Off                ;
; Synchronization Register Chain Length                                      ; 2                  ; 2                  ;
; PowerPlay Power Optimization                                               ; Normal compilation ; Normal compilation ;
; HDL message level                                                          ; Level2             ; Level2             ;
; Suppress Register Optimization Related Messages                            ; Off                ; Off                ;
; Number of Removed Registers Reported in Synthesis Report                   ; 5000               ; 5000               ;
; Number of Swept Nodes Reported in Synthesis Report                         ; 5000               ; 5000               ;
; Number of Inverted Registers Reported in Synthesis Report                  ; 100                ; 100                ;
; Clock MUX Protection                                                       ; On                 ; On                 ;
; Auto Gated Clock Conversion                                                ; Off                ; Off                ;
; Block Design Naming                                                        ; Auto               ; Auto               ;
; SDC constraint protection                                                  ; Off                ; Off                ;
; Synthesis Effort                                                           ; Auto               ; Auto               ;
; Shift Register Replacement - Allow Asynchronous Clear Signal               ; On                 ; On                 ;
; Pre-Mapping Resynthesis Optimization                                       ; Off                ; Off                ;
; Analysis & Synthesis Message Level                                         ; Medium             ; Medium             ;
; Disable Register Merging Across Hierarchies                                ; Auto               ; Auto               ;
; Resource Aware Inference For Block RAM                                     ; On                 ; On                 ;
; Synthesis Seed                                                             ; 1                  ; 1                  ;
+----------------------------------------------------------------------------+--------------------+--------------------+


+------------------------------------------+
; Parallel Compilation                     ;
+----------------------------+-------------+
; Processors                 ; Number      ;
+----------------------------+-------------+
; Number detected on machine ; 4           ;
; Maximum allowed            ; 2           ;
;                            ;             ;
; Average used               ; 1.00        ;
; Maximum used               ; 1           ;
;                            ;             ;
; Usage by Processor         ; % Time Used ;
;     Processor 1            ; 100.0%      ;
;     Processors 2-4         ;   0.0%      ;
+----------------------------+-------------+


+----------------------------------------------------------------------------------------------------------------------------------------------------------------------------+
; Analysis & Synthesis Source Files Read                                                                                                                                     ;
+----------------------------------+-----------------+------------------------+------------------------------------------------------------------------------------+---------+
; File Name with User-Entered Path ; Used in Netlist ; File Type              ; File Name with Absolute Path                                                       ; Library ;
+----------------------------------+-----------------+------------------------+------------------------------------------------------------------------------------+---------+
; barrel_shifter.v                 ; yes             ; User Verilog HDL File  ; /home/max/Work dir/_University/_3 kurs/Assembler/HW/5 ALU/quartus/barrel_shifter.v ;         ;
; alu.v                            ; yes             ; User Verilog HDL File  ; /home/max/Work dir/_University/_3 kurs/Assembler/HW/5 ALU/quartus/alu.v            ;         ;
+----------------------------------+-----------------+------------------------+------------------------------------------------------------------------------------+---------+


+------------------------------------------------------------+
; Analysis & Synthesis Resource Usage Summary                ;
+---------------------------------------------+--------------+
; Resource                                    ; Usage        ;
+---------------------------------------------+--------------+
; Estimated Total logic elements              ; 2,873        ;
;                                             ;              ;
; Total combinational functions               ; 2873         ;
; Logic element usage by number of LUT inputs ;              ;
;     -- 4 input functions                    ; 1977         ;
;     -- 3 input functions                    ; 837          ;
;     -- <=2 input functions                  ; 59           ;
;                                             ;              ;
; Logic elements by mode                      ;              ;
;     -- normal mode                          ; 2779         ;
;     -- arithmetic mode                      ; 94           ;
;                                             ;              ;
; Total registers                             ; 0            ;
;     -- Dedicated logic registers            ; 0            ;
;     -- I/O registers                        ; 0            ;
;                                             ;              ;
; I/O pins                                    ; 102          ;
; Embedded Multiplier 9-bit elements          ; 0            ;
; Maximum fan-out node                        ; in_op_type_3 ;
; Maximum fan-out                             ; 308          ;
; Total fan-out                               ; 10568        ;
; Average fan-out                             ; 3.55         ;
+---------------------------------------------+--------------+


+---------------------------------------------------------------------------------------------------------------------------------------------------------------------------------------------------+
; Analysis & Synthesis Resource Utilization by Entity                                                                                                                                               ;
+---------------------------------+-------------------+--------------+-------------+--------------+---------+-----------+------+--------------+--------------------------------------+--------------+
; Compilation Hierarchy Node      ; LC Combinationals ; LC Registers ; Memory Bits ; DSP Elements ; DSP 9x9 ; DSP 18x18 ; Pins ; Virtual Pins ; Full Hierarchy Name                  ; Library Name ;
+---------------------------------+-------------------+--------------+-------------+--------------+---------+-----------+------+--------------+--------------------------------------+--------------+
; |alu_mips                       ; 2873 (234)        ; 0 (0)        ; 0           ; 0            ; 0       ; 0         ; 102  ; 0            ; |alu_mips                            ; work         ;
;    |barrel_shifter:shifter_obj| ; 2639 (2639)       ; 0 (0)        ; 0           ; 0            ; 0       ; 0         ; 0    ; 0            ; |alu_mips|barrel_shifter:shifter_obj ; work         ;
+---------------------------------+-------------------+--------------+-------------+--------------+---------+-----------+------+--------------+--------------------------------------+--------------+
Note: For table entries with two numbers listed, the numbers in parentheses indicate the number of resources of the given type used by the specific entity alone. The numbers listed outside of parentheses indicate the total resources of the given type used by the specific entity and all of its sub-entities in the hierarchy.


+-----------------------------------------------------------------------------------------------------------------+
; User-Specified and Inferred Latches                                                                             ;
+-----------------------------------------------------+----------------------------------+------------------------+
; Latch Name                                          ; Latch Enable Signal              ; Free of Timing Hazards ;
+-----------------------------------------------------+----------------------------------+------------------------+
; out_result[0]$latch                                 ; Mux65                            ; yes                    ;
; out_result[1]$latch                                 ; Mux65                            ; yes                    ;
; out_result[2]$latch                                 ; Mux65                            ; yes                    ;
; out_result[3]$latch                                 ; Mux65                            ; yes                    ;
; out_result[4]$latch                                 ; Mux65                            ; yes                    ;
; out_result[5]$latch                                 ; Mux65                            ; yes                    ;
; out_result[6]$latch                                 ; Mux65                            ; yes                    ;
; out_result[7]$latch                                 ; Mux65                            ; yes                    ;
; out_result[8]$latch                                 ; Mux65                            ; yes                    ;
; out_result[9]$latch                                 ; Mux65                            ; yes                    ;
; out_result[10]$latch                                ; Mux65                            ; yes                    ;
; out_result[11]$latch                                ; Mux65                            ; yes                    ;
; out_result[12]$latch                                ; Mux65                            ; yes                    ;
; out_result[13]$latch                                ; Mux65                            ; yes                    ;
; out_result[14]$latch                                ; Mux65                            ; yes                    ;
; out_result[15]$latch                                ; Mux65                            ; yes                    ;
; out_result[16]$latch                                ; Mux65                            ; yes                    ;
; out_result[17]$latch                                ; Mux65                            ; yes                    ;
; out_result[18]$latch                                ; Mux65                            ; yes                    ;
; out_result[19]$latch                                ; Mux65                            ; yes                    ;
; out_result[20]$latch                                ; Mux65                            ; yes                    ;
; out_result[21]$latch                                ; Mux65                            ; yes                    ;
; out_result[22]$latch                                ; Mux65                            ; yes                    ;
; out_result[23]$latch                                ; Mux65                            ; yes                    ;
; out_result[24]$latch                                ; Mux65                            ; yes                    ;
; out_result[25]$latch                                ; Mux65                            ; yes                    ;
; out_result[26]$latch                                ; Mux65                            ; yes                    ;
; out_result[27]$latch                                ; Mux65                            ; yes                    ;
; out_result[28]$latch                                ; Mux65                            ; yes                    ;
; out_result[29]$latch                                ; Mux65                            ; yes                    ;
; out_result[30]$latch                                ; Mux65                            ; yes                    ;
; out_result[31]$latch                                ; Mux65                            ; yes                    ;
; barrel_shifter:shifter_obj|out[0]                   ; barrel_shifter:shifter_obj|Mux32 ; yes                    ;
; barrel_shifter:shifter_obj|out[1]                   ; barrel_shifter:shifter_obj|Mux32 ; yes                    ;
; barrel_shifter:shifter_obj|out[2]                   ; barrel_shifter:shifter_obj|Mux32 ; yes                    ;
; barrel_shifter:shifter_obj|out[3]                   ; barrel_shifter:shifter_obj|Mux32 ; yes                    ;
; barrel_shifter:shifter_obj|out[4]                   ; barrel_shifter:shifter_obj|Mux32 ; yes                    ;
; barrel_shifter:shifter_obj|out[5]                   ; barrel_shifter:shifter_obj|Mux32 ; yes                    ;
; barrel_shifter:shifter_obj|out[6]                   ; barrel_shifter:shifter_obj|Mux32 ; yes                    ;
; barrel_shifter:shifter_obj|out[7]                   ; barrel_shifter:shifter_obj|Mux32 ; yes                    ;
; barrel_shifter:shifter_obj|out[8]                   ; barrel_shifter:shifter_obj|Mux32 ; yes                    ;
; barrel_shifter:shifter_obj|out[9]                   ; barrel_shifter:shifter_obj|Mux32 ; yes                    ;
; barrel_shifter:shifter_obj|out[10]                  ; barrel_shifter:shifter_obj|Mux32 ; yes                    ;
; barrel_shifter:shifter_obj|out[11]                  ; barrel_shifter:shifter_obj|Mux32 ; yes                    ;
; barrel_shifter:shifter_obj|out[12]                  ; barrel_shifter:shifter_obj|Mux32 ; yes                    ;
; barrel_shifter:shifter_obj|out[13]                  ; barrel_shifter:shifter_obj|Mux32 ; yes                    ;
; barrel_shifter:shifter_obj|out[14]                  ; barrel_shifter:shifter_obj|Mux32 ; yes                    ;
; barrel_shifter:shifter_obj|out[15]                  ; barrel_shifter:shifter_obj|Mux32 ; yes                    ;
; barrel_shifter:shifter_obj|out[16]                  ; barrel_shifter:shifter_obj|Mux32 ; yes                    ;
; barrel_shifter:shifter_obj|out[17]                  ; barrel_shifter:shifter_obj|Mux32 ; yes                    ;
; barrel_shifter:shifter_obj|out[18]                  ; barrel_shifter:shifter_obj|Mux32 ; yes                    ;
; barrel_shifter:shifter_obj|out[19]                  ; barrel_shifter:shifter_obj|Mux32 ; yes                    ;
; barrel_shifter:shifter_obj|out[20]                  ; barrel_shifter:shifter_obj|Mux32 ; yes                    ;
; barrel_shifter:shifter_obj|out[21]                  ; barrel_shifter:shifter_obj|Mux32 ; yes                    ;
; barrel_shifter:shifter_obj|out[22]                  ; barrel_shifter:shifter_obj|Mux32 ; yes                    ;
; barrel_shifter:shifter_obj|out[23]                  ; barrel_shifter:shifter_obj|Mux32 ; yes                    ;
; barrel_shifter:shifter_obj|out[24]                  ; barrel_shifter:shifter_obj|Mux32 ; yes                    ;
; barrel_shifter:shifter_obj|out[25]                  ; barrel_shifter:shifter_obj|Mux32 ; yes                    ;
; barrel_shifter:shifter_obj|out[26]                  ; barrel_shifter:shifter_obj|Mux32 ; yes                    ;
; barrel_shifter:shifter_obj|out[27]                  ; barrel_shifter:shifter_obj|Mux32 ; yes                    ;
; barrel_shifter:shifter_obj|out[28]                  ; barrel_shifter:shifter_obj|Mux32 ; yes                    ;
; barrel_shifter:shifter_obj|out[29]                  ; barrel_shifter:shifter_obj|Mux32 ; yes                    ;
; barrel_shifter:shifter_obj|out[30]                  ; barrel_shifter:shifter_obj|Mux32 ; yes                    ;
; barrel_shifter:shifter_obj|out[31]                  ; barrel_shifter:shifter_obj|Mux32 ; yes                    ;
; Number of user-specified and inferred latches = 64  ;                                  ;                        ;
+-----------------------------------------------------+----------------------------------+------------------------+
Note: All latches listed above may not be present at the end of synthesis due to various synthesis optimizations.


+------------------------------------------------------+
; General Register Statistics                          ;
+----------------------------------------------+-------+
; Statistic                                    ; Value ;
+----------------------------------------------+-------+
; Total registers                              ; 0     ;
; Number of registers using Synchronous Clear  ; 0     ;
; Number of registers using Synchronous Load   ; 0     ;
; Number of registers using Asynchronous Clear ; 0     ;
; Number of registers using Asynchronous Load  ; 0     ;
; Number of registers using Clock Enable       ; 0     ;
; Number of registers using Preset             ; 0     ;
+----------------------------------------------+-------+


+----------------------------------------------------------------------------------------------------------------------------------------------------------+
; Multiplexer Restructuring Statistics (Restructuring Performed)                                                                                           ;
+--------------------+-----------+---------------+----------------------+------------------------+------------+--------------------------------------------+
; Multiplexer Inputs ; Bus Width ; Baseline Area ; Area if Restructured ; Saving if Restructured ; Registered ; Example Multiplexer Output                 ;
+--------------------+-----------+---------------+----------------------+------------------------+------------+--------------------------------------------+
; 4:1                ; 2 bits    ; 4 LEs         ; 4 LEs                ; 0 LEs                  ; No         ; |alu_mips|Mux65                            ;
; 3:1                ; 32 bits   ; 64 LEs        ; 64 LEs               ; 0 LEs                  ; No         ; |alu_mips|barrel_shifter:shifter_obj|out   ;
; 3:1                ; 32 bits   ; 64 LEs        ; 64 LEs               ; 0 LEs                  ; No         ; |alu_mips|barrel_shifter:shifter_obj|out   ;
; 3:1                ; 32 bits   ; 64 LEs        ; 64 LEs               ; 0 LEs                  ; No         ; |alu_mips|barrel_shifter:shifter_obj|out   ;
; 3:1                ; 32 bits   ; 64 LEs        ; 64 LEs               ; 0 LEs                  ; No         ; |alu_mips|barrel_shifter:shifter_obj|out   ;
; 3:1                ; 32 bits   ; 64 LEs        ; 64 LEs               ; 0 LEs                  ; No         ; |alu_mips|barrel_shifter:shifter_obj|out   ;
; 3:1                ; 32 bits   ; 64 LEs        ; 64 LEs               ; 0 LEs                  ; No         ; |alu_mips|barrel_shifter:shifter_obj|out   ;
; 3:1                ; 32 bits   ; 64 LEs        ; 64 LEs               ; 0 LEs                  ; No         ; |alu_mips|barrel_shifter:shifter_obj|out   ;
; 3:1                ; 32 bits   ; 64 LEs        ; 64 LEs               ; 0 LEs                  ; No         ; |alu_mips|barrel_shifter:shifter_obj|out   ;
; 3:1                ; 32 bits   ; 64 LEs        ; 64 LEs               ; 0 LEs                  ; No         ; |alu_mips|barrel_shifter:shifter_obj|out   ;
; 3:1                ; 32 bits   ; 64 LEs        ; 64 LEs               ; 0 LEs                  ; No         ; |alu_mips|barrel_shifter:shifter_obj|out   ;
; 3:1                ; 32 bits   ; 64 LEs        ; 64 LEs               ; 0 LEs                  ; No         ; |alu_mips|barrel_shifter:shifter_obj|out   ;
; 3:1                ; 32 bits   ; 64 LEs        ; 64 LEs               ; 0 LEs                  ; No         ; |alu_mips|barrel_shifter:shifter_obj|out   ;
; 3:1                ; 32 bits   ; 64 LEs        ; 64 LEs               ; 0 LEs                  ; No         ; |alu_mips|barrel_shifter:shifter_obj|out   ;
; 3:1                ; 32 bits   ; 64 LEs        ; 64 LEs               ; 0 LEs                  ; No         ; |alu_mips|barrel_shifter:shifter_obj|out   ;
; 3:1                ; 32 bits   ; 64 LEs        ; 64 LEs               ; 0 LEs                  ; No         ; |alu_mips|barrel_shifter:shifter_obj|out   ;
; 3:1                ; 32 bits   ; 64 LEs        ; 64 LEs               ; 0 LEs                  ; No         ; |alu_mips|barrel_shifter:shifter_obj|out   ;
; 3:1                ; 32 bits   ; 64 LEs        ; 64 LEs               ; 0 LEs                  ; No         ; |alu_mips|barrel_shifter:shifter_obj|out   ;
; 3:1                ; 32 bits   ; 64 LEs        ; 64 LEs               ; 0 LEs                  ; No         ; |alu_mips|barrel_shifter:shifter_obj|out   ;
; 3:1                ; 32 bits   ; 64 LEs        ; 64 LEs               ; 0 LEs                  ; No         ; |alu_mips|barrel_shifter:shifter_obj|out   ;
; 3:1                ; 32 bits   ; 64 LEs        ; 64 LEs               ; 0 LEs                  ; No         ; |alu_mips|barrel_shifter:shifter_obj|out   ;
; 3:1                ; 32 bits   ; 64 LEs        ; 64 LEs               ; 0 LEs                  ; No         ; |alu_mips|barrel_shifter:shifter_obj|out   ;
; 3:1                ; 32 bits   ; 64 LEs        ; 64 LEs               ; 0 LEs                  ; No         ; |alu_mips|barrel_shifter:shifter_obj|out   ;
; 3:1                ; 32 bits   ; 64 LEs        ; 64 LEs               ; 0 LEs                  ; No         ; |alu_mips|barrel_shifter:shifter_obj|out   ;
; 3:1                ; 32 bits   ; 64 LEs        ; 64 LEs               ; 0 LEs                  ; No         ; |alu_mips|barrel_shifter:shifter_obj|out   ;
; 3:1                ; 32 bits   ; 64 LEs        ; 64 LEs               ; 0 LEs                  ; No         ; |alu_mips|barrel_shifter:shifter_obj|out   ;
; 3:1                ; 32 bits   ; 64 LEs        ; 64 LEs               ; 0 LEs                  ; No         ; |alu_mips|barrel_shifter:shifter_obj|out   ;
; 3:1                ; 32 bits   ; 64 LEs        ; 64 LEs               ; 0 LEs                  ; No         ; |alu_mips|barrel_shifter:shifter_obj|out   ;
; 3:1                ; 32 bits   ; 64 LEs        ; 64 LEs               ; 0 LEs                  ; No         ; |alu_mips|barrel_shifter:shifter_obj|out   ;
; 3:1                ; 32 bits   ; 64 LEs        ; 64 LEs               ; 0 LEs                  ; No         ; |alu_mips|barrel_shifter:shifter_obj|out   ;
; 3:1                ; 32 bits   ; 64 LEs        ; 64 LEs               ; 0 LEs                  ; No         ; |alu_mips|barrel_shifter:shifter_obj|out   ;
; 8:1                ; 31 bits   ; 155 LEs       ; 124 LEs              ; 31 LEs                 ; No         ; |alu_mips|Mux60                            ;
; 10:1               ; 8 bits    ; 48 LEs        ; 48 LEs               ; 0 LEs                  ; No         ; |alu_mips|barrel_shifter:shifter_obj|Mux16 ;
; 9:1                ; 7 bits    ; 42 LEs        ; 35 LEs               ; 7 LEs                  ; No         ; |alu_mips|barrel_shifter:shifter_obj|Mux14 ;
; 11:1               ; 4 bits    ; 28 LEs        ; 24 LEs               ; 4 LEs                  ; No         ; |alu_mips|barrel_shifter:shifter_obj|Mux27 ;
; 10:1               ; 4 bits    ; 24 LEs        ; 24 LEs               ; 0 LEs                  ; No         ; |alu_mips|barrel_shifter:shifter_obj|Mux7  ;
; 12:1               ; 2 bits    ; 16 LEs        ; 12 LEs               ; 4 LEs                  ; No         ; |alu_mips|barrel_shifter:shifter_obj|Mux29 ;
; 11:1               ; 2 bits    ; 14 LEs        ; 12 LEs               ; 2 LEs                  ; No         ; |alu_mips|barrel_shifter:shifter_obj|Mux3  ;
; 12:1               ; 2 bits    ; 16 LEs        ; 14 LEs               ; 2 LEs                  ; No         ; |alu_mips|barrel_shifter:shifter_obj|Mux1  ;
+--------------------+-----------+---------------+----------------------+------------------------+------------+--------------------------------------------+


+-------------------------------------------------------------------------+
; Parameter Settings for User Entity Instance: barrel_shifter:shifter_obj ;
+----------------+-------+------------------------------------------------+
; Parameter Name ; Value ; Type                                           ;
+----------------+-------+------------------------------------------------+
; n              ; 31    ; Signed Integer                                 ;
+----------------+-------+------------------------------------------------+
Note: In order to hide this table in the UI and the text report file, please set the "Show Parameter Settings in Synthesis Report" option in "Analysis and Synthesis Settings -> More Settings" to "Off".


+-------------------------------+
; Elapsed Time Per Partition    ;
+----------------+--------------+
; Partition Name ; Elapsed Time ;
+----------------+--------------+
; Top            ; 00:00:11     ;
+----------------+--------------+


+-------------------------------+
; Analysis & Synthesis Messages ;
+-------------------------------+
Info: *******************************************************************
Info: Running Quartus II 64-Bit Analysis & Synthesis
    Info: Version 13.0.1 Build 232 06/12/2013 Service Pack 1 SJ Web Edition
    Info: Processing started: Sun Oct 21 23:29:54 2018
Info: Command: quartus_map --read_settings_files=on --write_settings_files=off barrel_shifter -c barrel_shifter
Info (11104): Parallel Compilation has detected 4 hyper-threaded processors. However, the extra hyper-threaded processors will not be used by default. Parallel Compilation will use 2 of the 2 physical processors detected instead.
Info (12021): Found 1 design units, including 1 entities, in source file barrel_shifter.v
    Info (12023): Found entity 1: barrel_shifter
Info (12021): Found 1 design units, including 1 entities, in source file alu.v
    Info (12023): Found entity 1: alu_mips
Info (12127): Elaborating entity "alu_mips" for the top level hierarchy
Warning (10270): Verilog HDL Case Statement warning at alu.v(61): incomplete case statement has no default case item
Warning (10240): Verilog HDL Always Construct warning at alu.v(48): inferring latch(es) for variable "out_result", which holds its previous value in one or more paths through the always construct
Warning (10240): Verilog HDL Always Construct warning at alu.v(48): inferring latch(es) for variable "tmp_res", which holds its previous value in one or more paths through the always construct
Info (10041): Inferred latch for "out_result[0]" at alu.v(48)
Info (10041): Inferred latch for "out_result[1]" at alu.v(48)
Info (10041): Inferred latch for "out_result[2]" at alu.v(48)
Info (10041): Inferred latch for "out_result[3]" at alu.v(48)
Info (10041): Inferred latch for "out_result[4]" at alu.v(48)
Info (10041): Inferred latch for "out_result[5]" at alu.v(48)
Info (10041): Inferred latch for "out_result[6]" at alu.v(48)
Info (10041): Inferred latch for "out_result[7]" at alu.v(48)
Info (10041): Inferred latch for "out_result[8]" at alu.v(48)
Info (10041): Inferred latch for "out_result[9]" at alu.v(48)
Info (10041): Inferred latch for "out_result[10]" at alu.v(48)
Info (10041): Inferred latch for "out_result[11]" at alu.v(48)
Info (10041): Inferred latch for "out_result[12]" at alu.v(48)
Info (10041): Inferred latch for "out_result[13]" at alu.v(48)
Info (10041): Inferred latch for "out_result[14]" at alu.v(48)
Info (10041): Inferred latch for "out_result[15]" at alu.v(48)
Info (10041): Inferred latch for "out_result[16]" at alu.v(48)
Info (10041): Inferred latch for "out_result[17]" at alu.v(48)
Info (10041): Inferred latch for "out_result[18]" at alu.v(48)
Info (10041): Inferred latch for "out_result[19]" at alu.v(48)
Info (10041): Inferred latch for "out_result[20]" at alu.v(48)
Info (10041): Inferred latch for "out_result[21]" at alu.v(48)
Info (10041): Inferred latch for "out_result[22]" at alu.v(48)
Info (10041): Inferred latch for "out_result[23]" at alu.v(48)
Info (10041): Inferred latch for "out_result[24]" at alu.v(48)
Info (10041): Inferred latch for "out_result[25]" at alu.v(48)
Info (10041): Inferred latch for "out_result[26]" at alu.v(48)
Info (10041): Inferred latch for "out_result[27]" at alu.v(48)
Info (10041): Inferred latch for "out_result[28]" at alu.v(48)
Info (10041): Inferred latch for "out_result[29]" at alu.v(48)
Info (10041): Inferred latch for "out_result[30]" at alu.v(48)
Info (10041): Inferred latch for "out_result[31]" at alu.v(48)
Info (12128): Elaborating entity "barrel_shifter" for hierarchy "barrel_shifter:shifter_obj"
Warning (10270): Verilog HDL Case Statement warning at barrel_shifter.v(30): incomplete case statement has no default case item
Warning (10240): Verilog HDL Always Construct warning at barrel_shifter.v(30): inferring latch(es) for variable "out", which holds its previous value in one or more paths through the always construct
Warning (10240): Verilog HDL Always Construct warning at barrel_shifter.v(30): inferring latch(es) for variable "cnt_", which holds its previous value in one or more paths through the always construct
Info (10041): Inferred latch for "out[0]" at barrel_shifter.v(30)
Info (10041): Inferred latch for "out[1]" at barrel_shifter.v(30)
Info (10041): Inferred latch for "out[2]" at barrel_shifter.v(30)
Info (10041): Inferred latch for "out[3]" at barrel_shifter.v(30)
Info (10041): Inferred latch for "out[4]" at barrel_shifter.v(30)
Info (10041): Inferred latch for "out[5]" at barrel_shifter.v(30)
Info (10041): Inferred latch for "out[6]" at barrel_shifter.v(30)
Info (10041): Inferred latch for "out[7]" at barrel_shifter.v(30)
Info (10041): Inferred latch for "out[8]" at barrel_shifter.v(30)
Info (10041): Inferred latch for "out[9]" at barrel_shifter.v(30)
Info (10041): Inferred latch for "out[10]" at barrel_shifter.v(30)
Info (10041): Inferred latch for "out[11]" at barrel_shifter.v(30)
Info (10041): Inferred latch for "out[12]" at barrel_shifter.v(30)
Info (10041): Inferred latch for "out[13]" at barrel_shifter.v(30)
Info (10041): Inferred latch for "out[14]" at barrel_shifter.v(30)
Info (10041): Inferred latch for "out[15]" at barrel_shifter.v(30)
Info (10041): Inferred latch for "out[16]" at barrel_shifter.v(30)
Info (10041): Inferred latch for "out[17]" at barrel_shifter.v(30)
Info (10041): Inferred latch for "out[18]" at barrel_shifter.v(30)
Info (10041): Inferred latch for "out[19]" at barrel_shifter.v(30)
Info (10041): Inferred latch for "out[20]" at barrel_shifter.v(30)
Info (10041): Inferred latch for "out[21]" at barrel_shifter.v(30)
Info (10041): Inferred latch for "out[22]" at barrel_shifter.v(30)
Info (10041): Inferred latch for "out[23]" at barrel_shifter.v(30)
Info (10041): Inferred latch for "out[24]" at barrel_shifter.v(30)
Info (10041): Inferred latch for "out[25]" at barrel_shifter.v(30)
Info (10041): Inferred latch for "out[26]" at barrel_shifter.v(30)
Info (10041): Inferred latch for "out[27]" at barrel_shifter.v(30)
Info (10041): Inferred latch for "out[28]" at barrel_shifter.v(30)
Info (10041): Inferred latch for "out[29]" at barrel_shifter.v(30)
Info (10041): Inferred latch for "out[30]" at barrel_shifter.v(30)
Info (10041): Inferred latch for "out[31]" at barrel_shifter.v(30)
Warning (13012): Latch out_result[0]$latch has unsafe behavior
    Warning (13013): Ports D and ENA on the latch are fed by the same signal in_op_type_1[0]
Warning (13012): Latch out_result[1]$latch has unsafe behavior
    Warning (13013): Ports D and ENA on the latch are fed by the same signal in_op_type_1[0]
Warning (13012): Latch out_result[2]$latch has unsafe behavior
    Warning (13013): Ports D and ENA on the latch are fed by the same signal in_op_type_1[0]
Warning (13012): Latch out_result[3]$latch has unsafe behavior
    Warning (13013): Ports D and ENA on the latch are fed by the same signal in_op_type_1[0]
Warning (13012): Latch out_result[4]$latch has unsafe behavior
    Warning (13013): Ports D and ENA on the latch are fed by the same signal in_op_type_1[0]
Warning (13012): Latch out_result[5]$latch has unsafe behavior
    Warning (13013): Ports D and ENA on the latch are fed by the same signal in_op_type_1[0]
Warning (13012): Latch out_result[6]$latch has unsafe behavior
    Warning (13013): Ports D and ENA on the latch are fed by the same signal in_op_type_1[0]
Warning (13012): Latch out_result[7]$latch has unsafe behavior
    Warning (13013): Ports D and ENA on the latch are fed by the same signal in_op_type_1[0]
Warning (13012): Latch out_result[8]$latch has unsafe behavior
    Warning (13013): Ports D and ENA on the latch are fed by the same signal in_op_type_1[0]
Warning (13012): Latch out_result[9]$latch has unsafe behavior
    Warning (13013): Ports D and ENA on the latch are fed by the same signal in_op_type_1[0]
Warning (13012): Latch out_result[10]$latch has unsafe behavior
    Warning (13013): Ports D and ENA on the latch are fed by the same signal in_op_type_1[0]
Warning (13012): Latch out_result[11]$latch has unsafe behavior
    Warning (13013): Ports D and ENA on the latch are fed by the same signal in_op_type_1[0]
Warning (13012): Latch out_result[12]$latch has unsafe behavior
    Warning (13013): Ports D and ENA on the latch are fed by the same signal in_op_type_1[0]
Warning (13012): Latch out_result[13]$latch has unsafe behavior
    Warning (13013): Ports D and ENA on the latch are fed by the same signal in_op_type_1[0]
Warning (13012): Latch out_result[14]$latch has unsafe behavior
    Warning (13013): Ports D and ENA on the latch are fed by the same signal in_op_type_1[0]
Warning (13012): Latch out_result[15]$latch has unsafe behavior
    Warning (13013): Ports D and ENA on the latch are fed by the same signal in_op_type_1[0]
Warning (13012): Latch out_result[16]$latch has unsafe behavior
    Warning (13013): Ports D and ENA on the latch are fed by the same signal in_op_type_1[0]
Warning (13012): Latch out_result[17]$latch has unsafe behavior
    Warning (13013): Ports D and ENA on the latch are fed by the same signal in_op_type_1[0]
Warning (13012): Latch out_result[18]$latch has unsafe behavior
    Warning (13013): Ports D and ENA on the latch are fed by the same signal in_op_type_1[0]
Warning (13012): Latch out_result[19]$latch has unsafe behavior
    Warning (13013): Ports D and ENA on the latch are fed by the same signal in_op_type_1[0]
Warning (13012): Latch out_result[20]$latch has unsafe behavior
    Warning (13013): Ports D and ENA on the latch are fed by the same signal in_op_type_1[0]
Warning (13012): Latch out_result[21]$latch has unsafe behavior
    Warning (13013): Ports D and ENA on the latch are fed by the same signal in_op_type_1[0]
Warning (13012): Latch out_result[22]$latch has unsafe behavior
    Warning (13013): Ports D and ENA on the latch are fed by the same signal in_op_type_1[0]
Warning (13012): Latch out_result[23]$latch has unsafe behavior
    Warning (13013): Ports D and ENA on the latch are fed by the same signal in_op_type_1[0]
Warning (13012): Latch out_result[24]$latch has unsafe behavior
    Warning (13013): Ports D and ENA on the latch are fed by the same signal in_op_type_1[0]
Warning (13012): Latch out_result[25]$latch has unsafe behavior
    Warning (13013): Ports D and ENA on the latch are fed by the same signal in_op_type_1[0]
Warning (13012): Latch out_result[26]$latch has unsafe behavior
    Warning (13013): Ports D and ENA on the latch are fed by the same signal in_op_type_1[0]
Warning (13012): Latch out_result[27]$latch has unsafe behavior
    Warning (13013): Ports D and ENA on the latch are fed by the same signal in_op_type_1[0]
Warning (13012): Latch out_result[28]$latch has unsafe behavior
    Warning (13013): Ports D and ENA on the latch are fed by the same signal in_op_type_1[0]
Warning (13012): Latch out_result[29]$latch has unsafe behavior
    Warning (13013): Ports D and ENA on the latch are fed by the same signal in_op_type_1[0]
Warning (13012): Latch out_result[30]$latch has unsafe behavior
    Warning (13013): Ports D and ENA on the latch are fed by the same signal in_op_type_1[0]
Warning (13012): Latch out_result[31]$latch has unsafe behavior
    Warning (13013): Ports D and ENA on the latch are fed by the same signal in_op_type_1[0]
Warning (13012): Latch barrel_shifter:shifter_obj|out[0] has unsafe behavior
    Warning (13013): Ports D and ENA on the latch are fed by the same signal in_op_type_2[0]
Warning (13012): Latch barrel_shifter:shifter_obj|out[1] has unsafe behavior
    Warning (13013): Ports D and ENA on the latch are fed by the same signal in_op_type_2[0]
Warning (13012): Latch barrel_shifter:shifter_obj|out[2] has unsafe behavior
    Warning (13013): Ports D and ENA on the latch are fed by the same signal in_op_type_2[0]
Warning (13012): Latch barrel_shifter:shifter_obj|out[3] has unsafe behavior
    Warning (13013): Ports D and ENA on the latch are fed by the same signal in_op_type_2[0]
Warning (13012): Latch barrel_shifter:shifter_obj|out[4] has unsafe behavior
    Warning (13013): Ports D and ENA on the latch are fed by the same signal in_op_type_2[1]
Warning (13012): Latch barrel_shifter:shifter_obj|out[5] has unsafe behavior
    Warning (13013): Ports D and ENA on the latch are fed by the same signal in_op_type_2[1]
Warning (13012): Latch barrel_shifter:shifter_obj|out[6] has unsafe behavior
    Warning (13013): Ports D and ENA on the latch are fed by the same signal in_op_type_2[1]
Warning (13012): Latch barrel_shifter:shifter_obj|out[7] has unsafe behavior
    Warning (13013): Ports D and ENA on the latch are fed by the same signal in_op_type_2[1]
Warning (13012): Latch barrel_shifter:shifter_obj|out[8] has unsafe behavior
    Warning (13013): Ports D and ENA on the latch are fed by the same signal in_op_type_2[0]
Warning (13012): Latch barrel_shifter:shifter_obj|out[9] has unsafe behavior
    Warning (13013): Ports D and ENA on the latch are fed by the same signal in_op_type_2[0]
Warning (13012): Latch barrel_shifter:shifter_obj|out[10] has unsafe behavior
    Warning (13013): Ports D and ENA on the latch are fed by the same signal in_op_type_2[0]
Warning (13012): Latch barrel_shifter:shifter_obj|out[11] has unsafe behavior
    Warning (13013): Ports D and ENA on the latch are fed by the same signal in_op_type_2[0]
Warning (13012): Latch barrel_shifter:shifter_obj|out[12] has unsafe behavior
    Warning (13013): Ports D and ENA on the latch are fed by the same signal in_op_type_2[0]
Warning (13012): Latch barrel_shifter:shifter_obj|out[13] has unsafe behavior
    Warning (13013): Ports D and ENA on the latch are fed by the same signal in_op_type_2[0]
Warning (13012): Latch barrel_shifter:shifter_obj|out[14] has unsafe behavior
    Warning (13013): Ports D and ENA on the latch are fed by the same signal in_op_type_2[0]
Warning (13012): Latch barrel_shifter:shifter_obj|out[15] has unsafe behavior
    Warning (13013): Ports D and ENA on the latch are fed by the same signal in_op_type_2[0]
Warning (13012): Latch barrel_shifter:shifter_obj|out[16] has unsafe behavior
    Warning (13013): Ports D and ENA on the latch are fed by the same signal in_op_type_2[1]
Warning (13012): Latch barrel_shifter:shifter_obj|out[17] has unsafe behavior
    Warning (13013): Ports D and ENA on the latch are fed by the same signal in_op_type_2[1]
Warning (13012): Latch barrel_shifter:shifter_obj|out[18] has unsafe behavior
    Warning (13013): Ports D and ENA on the latch are fed by the same signal in_op_type_2[1]
Warning (13012): Latch barrel_shifter:shifter_obj|out[19] has unsafe behavior
    Warning (13013): Ports D and ENA on the latch are fed by the same signal in_op_type_2[1]
Warning (13012): Latch barrel_shifter:shifter_obj|out[20] has unsafe behavior
    Warning (13013): Ports D and ENA on the latch are fed by the same signal in_op_type_2[1]
Warning (13012): Latch barrel_shifter:shifter_obj|out[21] has unsafe behavior
    Warning (13013): Ports D and ENA on the latch are fed by the same signal in_op_type_2[1]
Warning (13012): Latch barrel_shifter:shifter_obj|out[22] has unsafe behavior
    Warning (13013): Ports D and ENA on the latch are fed by the same signal in_op_type_2[1]
Warning (13012): Latch barrel_shifter:shifter_obj|out[23] has unsafe behavior
    Warning (13013): Ports D and ENA on the latch are fed by the same signal in_op_type_2[1]
Warning (13012): Latch barrel_shifter:shifter_obj|out[24] has unsafe behavior
    Warning (13013): Ports D and ENA on the latch are fed by the same signal in_op_type_2[1]
Warning (13012): Latch barrel_shifter:shifter_obj|out[25] has unsafe behavior
    Warning (13013): Ports D and ENA on the latch are fed by the same signal in_op_type_2[1]
Warning (13012): Latch barrel_shifter:shifter_obj|out[26] has unsafe behavior
    Warning (13013): Ports D and ENA on the latch are fed by the same signal in_op_type_2[1]
Warning (13012): Latch barrel_shifter:shifter_obj|out[27] has unsafe behavior
    Warning (13013): Ports D and ENA on the latch are fed by the same signal in_op_type_2[1]
Warning (13012): Latch barrel_shifter:shifter_obj|out[28] has unsafe behavior
    Warning (13013): Ports D and ENA on the latch are fed by the same signal in_op_type_2[0]
Warning (13012): Latch barrel_shifter:shifter_obj|out[29] has unsafe behavior
    Warning (13013): Ports D and ENA on the latch are fed by the same signal in_op_type_2[0]
Warning (13012): Latch barrel_shifter:shifter_obj|out[30] has unsafe behavior
    Warning (13013): Ports D and ENA on the latch are fed by the same signal in_op_type_2[0]
Warning (13012): Latch barrel_shifter:shifter_obj|out[31] has unsafe behavior
    Warning (13013): Ports D and ENA on the latch are fed by the same signal in_op_type_2[0]
Info (16010): Generating hard_block partition "hard_block:auto_generated_inst"
    Info (16011): Adding 0 node(s), including 0 DDIO, 0 PLL, 0 transceiver and 0 LCELL
Info (21057): Implemented 2975 device resources after synthesis - the final resource count might be different
    Info (21058): Implemented 69 input pins
    Info (21059): Implemented 33 output pins
    Info (21061): Implemented 2873 logic cells
Info: Quartus II 64-Bit Analysis & Synthesis was successful. 0 errors, 134 warnings
    Info: Peak virtual memory: 588 megabytes
    Info: Processing ended: Sun Oct 21 23:30:10 2018
    Info: Elapsed time: 00:00:16
    Info: Total CPU time (on all processors): 00:00:12


