Flow report for barrel_shifter
Sun Oct 21 23:31:34 2018
Quartus II 64-Bit Version 13.0.1 Build 232 06/12/2013 Service Pack 1 SJ Web Edition


---------------------
; Table of Contents ;
---------------------
  1. Legal Notice
  2. Flow Summary
  3. Flow Settings
  4. Flow Non-Default Global Settings
  5. Flow Elapsed Time
  6. Flow OS Summary
  7. Flow Log
  8. Flow Messages
  9. Flow Suppressed Messages



----------------
; Legal Notice ;
----------------
Copyright (C) 1991-2013 Altera Corporation
Your use of Altera Corporation's design tools, logic functions 
and other software and tools, and its AMPP partner logic 
functions, and any output files from any of the foregoing 
(including device programming or simulation files), and any 
associated documentation or information are expressly subject 
to the terms and conditions of the Altera Program License 
Subscription Agreement, Altera MegaCore Function License 
Agreement, or other applicable license agreement, including, 
without limitation, that your use is for the sole purpose of 
programming logic devices manufactured by Altera and sold by 
Altera or its authorized distributors.  Please refer to the 
applicable agreement for further details.



+--------------------------------------------------------------------------------------+
; Flow Summary                                                                         ;
+------------------------------------+-------------------------------------------------+
; Flow Status                        ; Successful - Sun Oct 21 23:31:34 2018           ;
; Quartus II 64-Bit Version          ; 13.0.1 Build 232 06/12/2013 SP 1 SJ Web Edition ;
; Revision Name                      ; barrel_shifter                                  ;
; Top-level Entity Name              ; alu_mips                                        ;
; Family                             ; Cyclone II                                      ;
; Device                             ; EP2C35F672C6                                    ;
; Timing Models                      ; Final                                           ;
; Total logic elements               ; 2,873 / 33,216 ( 9 % )                          ;
;     Total combinational functions  ; 2,873 / 33,216 ( 9 % )                          ;
;     Dedicated logic registers      ; 0 / 33,216 ( 0 % )                              ;
; Total registers                    ; 0                                               ;
; Total pins                         ; 102 / 475 ( 21 % )                              ;
; Total virtual pins                 ; 0                                               ;
; Total memory bits                  ; 0 / 483,840 ( 0 % )                             ;
; Embedded Multiplier 9-bit elements ; 0 / 70 ( 0 % )                                  ;
; Total PLLs                         ; 0 / 4 ( 0 % )                                   ;
+------------------------------------+-------------------------------------------------+


+-----------------------------------------+
; Flow Settings                           ;
+-------------------+---------------------+
; Option            ; Setting             ;
+-------------------+---------------------+
; Start date & time ; 10/21/2018 23:29:55 ;
; Main task         ; Compilation         ;
; Revision Name     ; barrel_shifter      ;
+-------------------+---------------------+


+-----------------------------------------------------------------------------------------------------------------------------+
; Flow Non-Default Global Settings                                                                                            ;
+-------------------------------------+---------------------------------------+----------------+-------------+----------------+
; Assignment Name                     ; Value                                 ; Default Value  ; Entity Name ; Section Id     ;
+-------------------------------------+---------------------------------------+----------------+-------------+----------------+
; COMPILER_SIGNATURE_ID               ; 273406405029048.154015379528069       ; --             ; --          ; --             ;
; EDA_OUTPUT_DATA_FORMAT              ; Verilog Hdl                           ; --             ; --          ; eda_simulation ;
; EDA_SIMULATION_TOOL                 ; ModelSim-Altera (Verilog)             ; <None>         ; --          ; --             ;
; EDA_TIME_SCALE                      ; 1 ps                                  ; --             ; --          ; eda_simulation ;
; MAX_CORE_JUNCTION_TEMP              ; 85                                    ; --             ; --          ; --             ;
; MIN_CORE_JUNCTION_TEMP              ; 0                                     ; --             ; --          ; --             ;
; PARTITION_COLOR                     ; 16764057                              ; --             ; alu_mips    ; Top            ;
; PARTITION_FITTER_PRESERVATION_LEVEL ; PLACEMENT_AND_ROUTING                 ; --             ; alu_mips    ; Top            ;
; PARTITION_NETLIST_TYPE              ; SOURCE                                ; --             ; alu_mips    ; Top            ;
; POWER_BOARD_THERMAL_MODEL           ; None (CONSERVATIVE)                   ; --             ; --          ; --             ;
; POWER_PRESET_COOLING_SOLUTION       ; 23 MM HEAT SINK WITH 200 LFPM AIRFLOW ; --             ; --          ; --             ;
; PROJECT_OUTPUT_DIRECTORY            ; output_files                          ; --             ; --          ; --             ;
; TOP_LEVEL_ENTITY                    ; alu_mips                              ; barrel_shifter ; --          ; --             ;
+-------------------------------------+---------------------------------------+----------------+-------------+----------------+


+-------------------------------------------------------------------------------------------------------------------------------+
; Flow Elapsed Time                                                                                                             ;
+---------------------------+--------------+-------------------------+---------------------+------------------------------------+
; Module Name               ; Elapsed Time ; Average Processors Used ; Peak Virtual Memory ; Total CPU Time (on all processors) ;
+---------------------------+--------------+-------------------------+---------------------+------------------------------------+
; Analysis & Synthesis      ; 00:00:14     ; 1.0                     ; 540 MB              ; 00:00:11                           ;
; Fitter                    ; 00:00:45     ; 1.2                     ; 768 MB              ; 00:00:46                           ;
; Assembler                 ; 00:00:05     ; 1.0                     ; 540 MB              ; 00:00:03                           ;
; TimeQuest Timing Analyzer ; 00:00:07     ; 1.0                     ; 552 MB              ; 00:00:06                           ;
; EDA Netlist Writer        ; 00:00:03     ; 1.0                     ; 820 MB              ; 00:00:02                           ;
; Total                     ; 00:01:14     ; --                      ; --                  ; 00:01:08                           ;
+---------------------------+--------------+-------------------------+---------------------+------------------------------------+


+-----------------------------------------------------------------------------------------+
; Flow OS Summary                                                                         ;
+---------------------------+------------------+------------+------------+----------------+
; Module Name               ; Machine Hostname ; OS Name    ; OS Version ; Processor type ;
+---------------------------+------------------+------------+------------+----------------+
; Analysis & Synthesis      ; hpprobook        ; Arch Linux ; Arch Linux ; x86_64         ;
; Fitter                    ; hpprobook        ; Arch Linux ; Arch Linux ; x86_64         ;
; Assembler                 ; hpprobook        ; Arch Linux ; Arch Linux ; x86_64         ;
; TimeQuest Timing Analyzer ; hpprobook        ; Arch Linux ; Arch Linux ; x86_64         ;
; EDA Netlist Writer        ; hpprobook        ; Arch Linux ; Arch Linux ; x86_64         ;
+---------------------------+------------------+------------+------------+----------------+


------------
; Flow Log ;
------------
quartus_map --read_settings_files=on --write_settings_files=off barrel_shifter -c barrel_shifter
quartus_fit --read_settings_files=off --write_settings_files=off barrel_shifter -c barrel_shifter
quartus_asm --read_settings_files=off --write_settings_files=off barrel_shifter -c barrel_shifter
quartus_sta barrel_shifter -c barrel_shifter
quartus_eda --read_settings_files=off --write_settings_files=off barrel_shifter -c barrel_shifter



